c:\users\alexd\source\repos\existedgit\adatgame\debug\vc141.pdb
c:\users\alexd\source\repos\existedgit\adatgame\debug\vc141.idb
c:\users\alexd\source\repos\existedgit\adatgame\debug\source.obj
c:\users\alexd\source\repos\existedgit\adatgame\debug\project2.lib
c:\users\alexd\source\repos\existedgit\adatgame\debug\files.obj
c:\users\alexd\source\repos\existedgit\adatgame\debug\oldsource.obj
c:\users\alexd\source\repos\existedgit\adatgame\debug\soundmatrix.obj
c:\users\alexd\source\repos\existedgit\adatgame\debug\project2.idb
c:\users\alexd\source\repos\existedgit\adatgame\debug\vc142.idb
c:\users\alexd\source\repos\existedgit\adatgame\debug\project2.pdb
c:\users\alexd\source\repos\existedgit\adatgame\debug\vc142.pdb
c:\users\alexd\source\repos\existedgit\adatgame\debug\project2.tlog\cl.command.1.tlog
c:\users\alexd\source\repos\existedgit\adatgame\debug\project2.tlog\cl.read.1.tlog
c:\users\alexd\source\repos\existedgit\adatgame\debug\project2.tlog\cl.write.1.tlog
c:\users\alexd\source\repos\existedgit\adatgame\debug\project2.tlog\lib-link.read.1.tlog
c:\users\alexd\source\repos\existedgit\adatgame\debug\project2.tlog\lib-link.write.1.tlog
c:\users\alexd\source\repos\existedgit\adatgame\debug\project2.tlog\lib.command.1.tlog
c:\users\alexd\source\repos\existedgit\adatgame\debug\project2.tlog\link-cvtres.read.1.tlog
c:\users\alexd\source\repos\existedgit\adatgame\debug\project2.tlog\link-cvtres.write.1.tlog
c:\users\alexd\source\repos\existedgit\adatgame\debug\project2.tlog\link-rc.read.1.tlog
c:\users\alexd\source\repos\existedgit\adatgame\debug\project2.tlog\link-rc.write.1.tlog
c:\users\alexd\source\repos\existedgit\adatgame\debug\project2.tlog\link.command.1.tlog
c:\users\alexd\source\repos\existedgit\adatgame\debug\project2.tlog\link.read.1.tlog
c:\users\alexd\source\repos\existedgit\adatgame\debug\project2.tlog\link.write.1.tlog
c:\users\alexd\source\repos\existedgit\adatgame\debug\project2.tlog\rc.command.1.tlog
c:\users\alexd\source\repos\existedgit\adatgame\debug\project2.tlog\rc.read.1.tlog
c:\users\alexd\source\repos\existedgit\adatgame\debug\project2.tlog\rc.write.1.tlog
