g:\vs repo\project2\project2\x64\debug\vc142.pdb
g:\vs repo\project2\project2\x64\debug\vc142.idb
g:\vs repo\project2\project2\x64\debug\world.obj
g:\vs repo\project2\project2\x64\debug\object.obj
g:\vs repo\project2\project2\x64\debug\source.obj
g:\vs repo\project2\project2\x64\debug\configmanager.obj
g:\vs repo\project2\project2\x64\debug\level.obj
g:\vs repo\project2\project2\x64\debug\achievement.obj
g:\vs repo\project2\project2\x64\debug\tinyxmlparser.obj
g:\vs repo\project2\project2\x64\debug\tinyxmlerror.obj
g:\vs repo\project2\project2\x64\debug\tinyxml.obj
g:\vs repo\project2\project2\x64\debug\tinystr.obj
g:\vs repo\project2\project2\x64\debug\tilemap.obj
g:\vs repo\project2\project2\x64\debug\player.obj
g:\vs repo\project2\project2\x64\debug\menu.obj
g:\vs repo\project2\project2\x64\debug\interactivearray.obj
g:\vs repo\project2\project2\x64\debug\collider.obj
g:\vs repo\project2\project2\x64\debug\button.obj
g:\vs repo\project2\project2\x64\debug\animation.obj
g:\vs repo\project2\x64\debug\project2.exe
g:\vs repo\project2\project2\x64\debug\project2.ilk
g:\vs repo\project2\x64\debug\project2.pdb
g:\vs repo\project2\project2\x64\debug\project2.res
g:\vs repo\project2\project2\x64\debug\project2.tlog\cl.command.1.tlog
g:\vs repo\project2\project2\x64\debug\project2.tlog\cl.read.1.tlog
g:\vs repo\project2\project2\x64\debug\project2.tlog\cl.write.1.tlog
g:\vs repo\project2\project2\x64\debug\project2.tlog\link.command.1.tlog
g:\vs repo\project2\project2\x64\debug\project2.tlog\link.read.1.tlog
g:\vs repo\project2\project2\x64\debug\project2.tlog\link.write.1.tlog
g:\vs repo\project2\project2\x64\debug\project2.tlog\rc.command.1.tlog
g:\vs repo\project2\project2\x64\debug\project2.tlog\rc.read.1.tlog
g:\vs repo\project2\project2\x64\debug\project2.tlog\rc.write.1.tlog
