  Source.cpp
G:\VS Repo\Project2\Project2\SDK\InteractiveArray.h(105,22): warning C4305: инициализация: усечение из "double" в "float"
G:\VS Repo\Project2\Project2\SDK\Menu.h(44,61): warning C4244: аргумент: преобразование "T" в "T", возможна потеря данных
          with
          [
              T=int
          ]
          and
          [
              T=float
          ]
G:\VS Repo\Project2\Project2\SDK\Menu.h(44,41): warning C4244: аргумент: преобразование "T" в "T", возможна потеря данных
          with
          [
              T=int
          ]
          and
          [
              T=float
          ]
G:\VS Repo\Project2\Project2\World.h(52,52): warning C4244: аргумент: преобразование "const T" в "unsigned int", возможна потеря данных
          with
          [
              T=float
          ]
G:\VS Repo\Project2\Project2\World.h(52,41): warning C4244: аргумент: преобразование "const T" в "unsigned int", возможна потеря данных
          with
          [
              T=float
          ]
G:\VS Repo\Project2\Project2\World.h(88,65): warning C4244: аргумент: преобразование "T" в "T", возможна потеря данных
          with
          [
              T=unsigned int
          ]
          and
          [
              T=float
          ]
G:\VS Repo\Project2\Project2\World.h(88,42): warning C4244: аргумент: преобразование "T" в "T", возможна потеря данных
          with
          [
              T=unsigned int
          ]
          and
          [
              T=float
          ]
G:\VS Repo\Project2\Project2\World.h(107,65): warning C4244: аргумент: преобразование "T" в "T", возможна потеря данных
          with
          [
              T=unsigned int
          ]
          and
          [
              T=float
          ]
G:\VS Repo\Project2\Project2\World.h(107,44): warning C4244: аргумент: преобразование "T" в "T", возможна потеря данных
          with
          [
              T=unsigned int
          ]
          and
          [
              T=float
          ]
G:\VS Repo\Project2\Project2\World.h(168,48): warning C4244: аргумент: преобразование "double" в "T", возможна потеря данных
          with
          [
              T=float
          ]
G:\VS Repo\Project2\Project2\World.h(171,61): warning C4244: аргумент: преобразование "double" в "float", возможна потеря данных
G:\VS Repo\Project2\Project2\World.h(173,106): warning C4244: аргумент: преобразование "double" в "float", возможна потеря данных
G:\VS Repo\Project2\Project2\World.h(187,1): warning C4305: =: усечение из "double" в "float"
G:\VS Repo\Project2\Project2\World.h(213,30): warning C4244: аргумент: преобразование "int" в "float", возможна потеря данных
  World.cpp
G:\VS Repo\Project2\Project2\SDK\InteractiveArray.h(105,22): warning C4305: инициализация: усечение из "double" в "float"
G:\VS Repo\Project2\Project2\SDK\Menu.h(44,61): warning C4244: аргумент: преобразование "T" в "T", возможна потеря данных
          with
          [
              T=int
          ]
          and
          [
              T=float
          ]
G:\VS Repo\Project2\Project2\SDK\Menu.h(44,41): warning C4244: аргумент: преобразование "T" в "T", возможна потеря данных
          with
          [
              T=int
          ]
          and
          [
              T=float
          ]
G:\VS Repo\Project2\Project2\World.h(52,52): warning C4244: аргумент: преобразование "const T" в "unsigned int", возможна потеря данных
          with
          [
              T=float
          ]
G:\VS Repo\Project2\Project2\World.h(52,41): warning C4244: аргумент: преобразование "const T" в "unsigned int", возможна потеря данных
          with
          [
              T=float
          ]
G:\VS Repo\Project2\Project2\World.h(88,65): warning C4244: аргумент: преобразование "T" в "T", возможна потеря данных
          with
          [
              T=unsigned int
          ]
          and
          [
              T=float
          ]
G:\VS Repo\Project2\Project2\World.h(88,42): warning C4244: аргумент: преобразование "T" в "T", возможна потеря данных
          with
          [
              T=unsigned int
          ]
          and
          [
              T=float
          ]
G:\VS Repo\Project2\Project2\World.h(107,65): warning C4244: аргумент: преобразование "T" в "T", возможна потеря данных
          with
          [
              T=unsigned int
          ]
          and
          [
              T=float
          ]
G:\VS Repo\Project2\Project2\World.h(107,44): warning C4244: аргумент: преобразование "T" в "T", возможна потеря данных
          with
          [
              T=unsigned int
          ]
          and
          [
              T=float
          ]
G:\VS Repo\Project2\Project2\World.h(168,48): warning C4244: аргумент: преобразование "double" в "T", возможна потеря данных
          with
          [
              T=float
          ]
G:\VS Repo\Project2\Project2\World.h(171,61): warning C4244: аргумент: преобразование "double" в "float", возможна потеря данных
G:\VS Repo\Project2\Project2\World.h(173,106): warning C4244: аргумент: преобразование "double" в "float", возможна потеря данных
G:\VS Repo\Project2\Project2\World.h(187,1): warning C4305: =: усечение из "double" в "float"
G:\VS Repo\Project2\Project2\World.h(213,30): warning C4244: аргумент: преобразование "int" в "float", возможна потеря данных
  Создание кода...
G:\VS Repo\Project2\Project2\SDK\Menu.h(102): warning C4715: Menu::CheckClick: значение возвращается не при всех путях выполнения
  Project2.vcxproj -> G:\VS Repo\Project2\x64\Debug\Project2.exe
